<?xml version="1.0" encoding="UTF-8"?>
<!-- Generated by org.testng.reporters.JUnitReportReporter -->
<testsuite hostname="Vijays-MacBook-Pro.local" name="authentication.Mobile_Retrieve_UserName" tests="1" failures="0" timestamp="19 Aug 2019 07:29:47 GMT" time="29.977" errors="0">
  <testcase name="Retrieve_UserName" time="29.977" classname="authentication.Mobile_Retrieve_UserName"/>
</testsuite> <!-- authentication.Mobile_Retrieve_UserName -->
