<?xml version="1.0" encoding="UTF-8"?>
<!-- Generated by org.testng.reporters.JUnitReportReporter -->
<testsuite hostname="Vijays-MacBook-Pro.local" name="authentication.Mobile_LoginFlow" tests="1" failures="0" timestamp="19 Aug 2019 07:28:56 GMT" time="36.381" errors="0">
  <testcase name="LoginFlow" time="36.381" classname="authentication.Mobile_LoginFlow"/>
</testsuite> <!-- authentication.Mobile_LoginFlow -->
